2025-02-25 06:45:56,829 [INFO] [VFSBookingBot] [logger.py:220] - Initializing VFS Booking Bot {"hostname": "AUSTINE-THRONE", "process_id": 9696, "thread_id": 8872, "log_id": "9b8f94a1-495c-4a2a-b029-d355fdf92833"}
2025-02-25 06:51:40,547 [INFO] [VFSBookingBot] [logger.py:238] - Initializing VFS Booking Bot {"hostname": "AUSTINE-THRONE", "process_id": 7616, "thread_id": 9364, "log_id": "681ba35a-09e6-4afc-8622-f1cf58d0978c"}
2025-02-25 06:51:40,547 [INFO] [VFSBookingBot] [logger.py:238] - Initializing VFS Booking Bot {"hostname": "AUSTINE-THRONE", "process_id": 7616, "thread_id": 9364, "log_id": "20695baa-dda7-4c61-8ac6-c3b6302e1bcc"}
2025-02-25 06:51:40,547 [INFO] [VFSBookingBot] [logger.py:238] - Initializing VFS Booking Bot {"hostname": "AUSTINE-THRONE", "process_id": 7616, "thread_id": 9364, "log_id": "20695baa-dda7-4c61-8ac6-c3b6302e1bcc"}
2025-02-25 06:59:05,977 [INFO] [VFSBookingBot] [logger.py:238] - Initializing VFS Booking Bot {"hostname": "AUSTINE-THRONE", "process_id": 8368, "thread_id": 11972, "log_id": "29cd1b38-085a-45f2-890c-1adc9718c9fd"}
2025-02-25 06:59:05,977 [INFO] [VFSBookingBot] [logger.py:238] - Initializing VFS Booking Bot {"hostname": "AUSTINE-THRONE", "process_id": 8368, "thread_id": 11972, "log_id": "68949dc7-bc6a-4dd6-8f0e-6e4cc8021837"}
2025-02-25 06:59:05,977 [INFO] [VFSBookingBot] [logger.py:238] - Initializing VFS Booking Bot {"hostname": "AUSTINE-THRONE", "process_id": 8368, "thread_id": 11972, "log_id": "68949dc7-bc6a-4dd6-8f0e-6e4cc8021837"}
2025-02-25 07:08:47,938 [INFO] [VFSBookingBot] [logger.py:238] - Initializing VFS Booking Bot {"hostname": "AUSTINE-THRONE", "process_id": 9368, "thread_id": 6176, "log_id": "4bfeda22-cbdf-4a33-9a5e-90f3d963d94c"}
2025-02-25 07:08:47,938 [INFO] [VFSBookingBot] [logger.py:238] - Initializing VFS Booking Bot {"hostname": "AUSTINE-THRONE", "process_id": 9368, "thread_id": 6176, "log_id": "9d793990-686a-44be-98e6-1762cc8d99b7"}
2025-02-25 07:08:47,938 [INFO] [VFSBookingBot] [logger.py:238] - Initializing VFS Booking Bot {"hostname": "AUSTINE-THRONE", "process_id": 9368, "thread_id": 6176, "log_id": "9d793990-686a-44be-98e6-1762cc8d99b7"}
2025-02-25 07:52:08,182 [INFO] [VFSBookingBot] [logger.py:238] - Initializing VFS Booking Bot {"hostname": "AUSTINE-THRONE", "process_id": 12096, "thread_id": 3856, "log_id": "e55cb585-4973-409e-87e5-b6dd772423d6"}
2025-02-25 07:52:08,182 [INFO] [VFSBookingBot] [logger.py:238] - Initializing VFS Booking Bot {"hostname": "AUSTINE-THRONE", "process_id": 12096, "thread_id": 3856, "log_id": "2bf11f72-5ca5-458d-a105-ecb22046db78"}
2025-02-25 07:52:08,182 [INFO] [VFSBookingBot] [logger.py:238] - Initializing VFS Booking Bot {"hostname": "AUSTINE-THRONE", "process_id": 12096, "thread_id": 3856, "log_id": "2bf11f72-5ca5-458d-a105-ecb22046db78"}
2025-02-25 08:07:09,229 [INFO] [VFSBookingBot] [logger.py:238] - Initializing VFS Booking Bot {"hostname": "AUSTINE-THRONE", "process_id": 8108, "thread_id": 11528, "log_id": "1d421bd0-f2fa-43ad-82f1-269ea563ffab"}
2025-02-25 08:07:09,229 [INFO] [VFSBookingBot] [logger.py:238] - Initializing VFS Booking Bot {"hostname": "AUSTINE-THRONE", "process_id": 8108, "thread_id": 11528, "log_id": "cd002441-0b19-4772-9ff5-4ed1a412fbbd"}
2025-02-25 08:07:09,229 [INFO] [VFSBookingBot] [logger.py:238] - Initializing VFS Booking Bot {"hostname": "AUSTINE-THRONE", "process_id": 8108, "thread_id": 11528, "log_id": "cd002441-0b19-4772-9ff5-4ed1a412fbbd"}
2025-02-25 08:09:14,138 [INFO] [VFSBookingBot] [logger.py:238] - Initializing VFS Booking Bot {"hostname": "AUSTINE-THRONE", "process_id": 12380, "thread_id": 9812, "log_id": "3fbc687b-ea0f-4cee-a507-bef80ae2ecd4"}
2025-02-25 08:09:14,138 [INFO] [VFSBookingBot] [logger.py:238] - Initializing VFS Booking Bot {"hostname": "AUSTINE-THRONE", "process_id": 12380, "thread_id": 9812, "log_id": "8f14ee32-2b61-4a10-8712-84e517c4b3d4"}
2025-02-25 08:09:14,138 [INFO] [VFSBookingBot] [logger.py:238] - Initializing VFS Booking Bot {"hostname": "AUSTINE-THRONE", "process_id": 12380, "thread_id": 9812, "log_id": "8f14ee32-2b61-4a10-8712-84e517c4b3d4"}
2025-02-25 08:11:19,055 [INFO] [VFSBookingBot] [logger.py:238] - Initializing VFS Booking Bot {"hostname": "AUSTINE-THRONE", "process_id": 2652, "thread_id": 412, "log_id": "1a7bfe1c-59fd-4b70-9b55-71bb9b1bdeb2"}
2025-02-25 08:11:19,071 [INFO] [VFSBookingBot] [logger.py:238] - Initializing VFS Booking Bot {"hostname": "AUSTINE-THRONE", "process_id": 2652, "thread_id": 412, "log_id": "79abb969-9701-425c-b519-9693a1f7a143"}
2025-02-25 08:11:19,071 [INFO] [VFSBookingBot] [logger.py:238] - Initializing VFS Booking Bot {"hostname": "AUSTINE-THRONE", "process_id": 2652, "thread_id": 412, "log_id": "79abb969-9701-425c-b519-9693a1f7a143"}
2025-02-25 08:12:41,080 [INFO] [VFSBookingBot] [logger.py:238] - Initializing VFS Booking Bot {"hostname": "AUSTINE-THRONE", "process_id": 10160, "thread_id": 12080, "log_id": "344fa8fa-ac3c-4dc3-a27c-b243fc07f51c"}
2025-02-25 08:12:41,080 [INFO] [VFSBookingBot] [logger.py:238] - Initializing VFS Booking Bot {"hostname": "AUSTINE-THRONE", "process_id": 10160, "thread_id": 12080, "log_id": "9ee80012-8c42-48c8-85ab-bb3360b6bf54"}
2025-02-25 08:12:41,080 [INFO] [VFSBookingBot] [logger.py:238] - Initializing VFS Booking Bot {"hostname": "AUSTINE-THRONE", "process_id": 10160, "thread_id": 12080, "log_id": "9ee80012-8c42-48c8-85ab-bb3360b6bf54"}
2025-02-25 08:24:38,914 [INFO] [VFSBookingBot] [logger.py:238] - Initializing VFS Booking Bot {"hostname": "AUSTINE-THRONE", "process_id": 11100, "thread_id": 3192, "log_id": "c20240f9-7bc6-46b3-98a5-5e4f8cfec2fd"}
2025-02-25 08:24:38,929 [INFO] [VFSBookingBot] [logger.py:238] - Initializing VFS Booking Bot {"hostname": "AUSTINE-THRONE", "process_id": 11100, "thread_id": 3192, "log_id": "1fcb9b79-a5d4-4db9-8451-e2d649cdbe54"}
2025-02-25 08:24:38,929 [INFO] [VFSBookingBot] [logger.py:238] - Initializing VFS Booking Bot {"hostname": "AUSTINE-THRONE", "process_id": 11100, "thread_id": 3192, "log_id": "1fcb9b79-a5d4-4db9-8451-e2d649cdbe54"}
2025-02-25 08:30:31,002 [INFO] [VFSBookingBot] [logger.py:238] - Initializing VFS Booking Bot {"hostname": "AUSTINE-THRONE", "process_id": 5996, "thread_id": 2868, "log_id": "9b069905-e75e-4ce4-bded-93c8790ffd74"}
2025-02-25 08:30:31,002 [INFO] [VFSBookingBot] [logger.py:238] - Initializing VFS Booking Bot {"hostname": "AUSTINE-THRONE", "process_id": 5996, "thread_id": 2868, "log_id": "59e7610c-77b8-458e-a773-f929ca1db993"}
2025-02-25 08:30:31,002 [INFO] [VFSBookingBot] [logger.py:238] - Initializing VFS Booking Bot {"hostname": "AUSTINE-THRONE", "process_id": 5996, "thread_id": 2868, "log_id": "59e7610c-77b8-458e-a773-f929ca1db993"}
2025-02-25 08:35:24,822 [INFO] [VFSBookingBot] [logger.py:238] - Initializing VFS Booking Bot {"hostname": "AUSTINE-THRONE", "process_id": 4036, "thread_id": 5324, "log_id": "989d6f64-ab87-4972-ab1d-a811782466fb"}
2025-02-25 08:35:24,838 [INFO] [VFSBookingBot] [logger.py:238] - Initializing VFS Booking Bot {"hostname": "AUSTINE-THRONE", "process_id": 4036, "thread_id": 5324, "log_id": "fcc47a5d-f05f-4553-965c-c1081b0238ac"}
2025-02-25 08:35:24,838 [INFO] [VFSBookingBot] [logger.py:238] - Initializing VFS Booking Bot {"hostname": "AUSTINE-THRONE", "process_id": 4036, "thread_id": 5324, "log_id": "fcc47a5d-f05f-4553-965c-c1081b0238ac"}
2025-02-25 08:36:59,540 [INFO] [VFSBookingBot] [logger.py:238] - Initializing VFS Booking Bot {"hostname": "AUSTINE-THRONE", "process_id": 4736, "thread_id": 9328, "log_id": "ff0cd7e8-f0e9-4168-99ef-c272443d77ad"}
2025-02-25 08:36:59,555 [INFO] [VFSBookingBot] [logger.py:238] - Initializing VFS Booking Bot {"hostname": "AUSTINE-THRONE", "process_id": 4736, "thread_id": 9328, "log_id": "810f1256-ce65-4fa8-a0a1-6148a39edc0c"}
2025-02-25 08:36:59,555 [INFO] [VFSBookingBot] [logger.py:238] - Initializing VFS Booking Bot {"hostname": "AUSTINE-THRONE", "process_id": 4736, "thread_id": 9328, "log_id": "810f1256-ce65-4fa8-a0a1-6148a39edc0c"}
2025-02-25 08:50:24,357 [INFO] [VFSBookingBot] [logger.py:238] - Initializing VFS Booking Bot {"hostname": "AUSTINE-THRONE", "process_id": 2412, "thread_id": 14508, "log_id": "3f0be7a2-f844-4f71-8f60-6124e8a9dfac"}
2025-02-25 08:50:24,357 [INFO] [VFSBookingBot] [logger.py:238] - Initializing VFS Booking Bot {"hostname": "AUSTINE-THRONE", "process_id": 2412, "thread_id": 14508, "log_id": "956cc5c5-4181-4124-8f74-09f6f0b25e8f"}
2025-02-25 08:50:24,357 [INFO] [VFSBookingBot] [logger.py:238] - Initializing VFS Booking Bot {"hostname": "AUSTINE-THRONE", "process_id": 2412, "thread_id": 14508, "log_id": "956cc5c5-4181-4124-8f74-09f6f0b25e8f"}
2025-02-25 09:11:38,797 [INFO] [VFSBookingBot] [logger.py:238] - Initializing VFS Booking Bot {"hostname": "AUSTINE-THRONE", "process_id": 6004, "thread_id": 13424, "log_id": "16ab0d72-40fa-464b-ba98-03c2bffde0e8"}
2025-02-25 09:11:38,813 [INFO] [VFSBookingBot] [logger.py:238] - Initializing VFS Booking Bot {"hostname": "AUSTINE-THRONE", "process_id": 6004, "thread_id": 13424, "log_id": "0b4c1197-43bd-48b3-bbdb-ba2d2f659a57"}
2025-02-25 09:11:38,813 [INFO] [VFSBookingBot] [logger.py:238] - Initializing VFS Booking Bot {"hostname": "AUSTINE-THRONE", "process_id": 6004, "thread_id": 13424, "log_id": "0b4c1197-43bd-48b3-bbdb-ba2d2f659a57"}
2025-02-25 09:15:02,869 [INFO] [VFSBookingBot] [logger.py:238] - Initializing VFS Booking Bot {"hostname": "AUSTINE-THRONE", "process_id": 12576, "thread_id": 14328, "log_id": "fc39cc2c-819b-46a8-9602-1f5af7824132"}
2025-02-25 09:15:02,869 [INFO] [VFSBookingBot] [logger.py:238] - Initializing VFS Booking Bot {"hostname": "AUSTINE-THRONE", "process_id": 12576, "thread_id": 14328, "log_id": "e650b041-963e-4c04-a6ca-b43002e77504"}
2025-02-25 09:15:02,869 [INFO] [VFSBookingBot] [logger.py:238] - Initializing VFS Booking Bot {"hostname": "AUSTINE-THRONE", "process_id": 12576, "thread_id": 14328, "log_id": "e650b041-963e-4c04-a6ca-b43002e77504"}
2025-02-25 09:17:36,041 [INFO] [VFSBookingBot] [logger.py:238] - Initializing VFS Booking Bot {"hostname": "AUSTINE-THRONE", "process_id": 7364, "thread_id": 13276, "log_id": "90d32a2f-78d5-4381-ad44-ad75d79a8829"}
2025-02-25 09:17:36,041 [INFO] [VFSBookingBot] [logger.py:238] - Initializing VFS Booking Bot {"hostname": "AUSTINE-THRONE", "process_id": 7364, "thread_id": 13276, "log_id": "4cc055ee-f078-4418-b0d1-a5b261b10d98"}
2025-02-25 09:17:36,041 [INFO] [VFSBookingBot] [logger.py:238] - Initializing VFS Booking Bot {"hostname": "AUSTINE-THRONE", "process_id": 7364, "thread_id": 13276, "log_id": "4cc055ee-f078-4418-b0d1-a5b261b10d98"}
2025-02-25 16:08:58,853 [INFO] [VFSBookingBot] [logger.py:238] - Initializing VFS Booking Bot {"hostname": "AUSTINE-THRONE", "process_id": 16072, "thread_id": 13036, "log_id": "5daab270-dc79-4ac0-af4c-18446da8ecff"}
2025-02-25 16:08:58,869 [INFO] [VFSBookingBot] [logger.py:238] - Initializing VFS Booking Bot {"hostname": "AUSTINE-THRONE", "process_id": 16072, "thread_id": 13036, "log_id": "5e8938b2-b70b-4c83-832c-4fdc5b552741"}
2025-02-25 16:08:58,869 [INFO] [VFSBookingBot] [logger.py:238] - Initializing VFS Booking Bot {"hostname": "AUSTINE-THRONE", "process_id": 16072, "thread_id": 13036, "log_id": "5e8938b2-b70b-4c83-832c-4fdc5b552741"}
2025-02-26 05:55:00,688 [INFO] [VFSBookingBot] [logger.py:238] - Initializing VFS Booking Bot {"hostname": "AUSTINE-THRONE", "process_id": 4768, "thread_id": 8324, "log_id": "14a6f067-188d-4771-bf37-59fa6a14cdb8"}
2025-02-26 05:55:00,688 [INFO] [VFSBookingBot] [logger.py:238] - Initializing VFS Booking Bot {"hostname": "AUSTINE-THRONE", "process_id": 4768, "thread_id": 8324, "log_id": "40cdbc8a-03b3-4c66-b770-37106b6949ee"}
2025-02-26 05:55:00,688 [INFO] [VFSBookingBot] [logger.py:238] - Initializing VFS Booking Bot {"hostname": "AUSTINE-THRONE", "process_id": 4768, "thread_id": 8324, "log_id": "40cdbc8a-03b3-4c66-b770-37106b6949ee"}
2025-02-26 06:00:41,271 [INFO] [VFSBookingBot] [logger.py:238] - Initializing VFS Booking Bot {"hostname": "AUSTINE-THRONE", "process_id": 3620, "thread_id": 12136, "log_id": "892c03d6-1519-49d3-aed7-2a23f2c76e69"}
2025-02-26 06:00:41,271 [INFO] [VFSBookingBot] [logger.py:238] - Initializing VFS Booking Bot {"hostname": "AUSTINE-THRONE", "process_id": 3620, "thread_id": 12136, "log_id": "31857ac9-27aa-4cc7-b5f6-eefc61a1eae4"}
2025-02-26 06:00:41,271 [INFO] [VFSBookingBot] [logger.py:238] - Initializing VFS Booking Bot {"hostname": "AUSTINE-THRONE", "process_id": 3620, "thread_id": 12136, "log_id": "31857ac9-27aa-4cc7-b5f6-eefc61a1eae4"}
2025-02-26 06:02:22,055 [INFO] [VFSBookingBot] [logger.py:238] - Initializing VFS Booking Bot {"hostname": "AUSTINE-THRONE", "process_id": 18844, "thread_id": 8448, "log_id": "bf588850-9985-4cef-b09d-a6616eb1ed69"}
2025-02-26 06:02:22,055 [INFO] [VFSBookingBot] [logger.py:238] - Initializing VFS Booking Bot {"hostname": "AUSTINE-THRONE", "process_id": 18844, "thread_id": 8448, "log_id": "250fe720-255a-49e3-9e99-60de0c17f266"}
2025-02-26 06:02:22,055 [INFO] [VFSBookingBot] [logger.py:238] - Initializing VFS Booking Bot {"hostname": "AUSTINE-THRONE", "process_id": 18844, "thread_id": 8448, "log_id": "250fe720-255a-49e3-9e99-60de0c17f266"}
2025-02-26 06:03:18,916 [INFO] [VFSBookingBot] [logger.py:238] - Initializing VFS Booking Bot {"hostname": "AUSTINE-THRONE", "process_id": 6604, "thread_id": 11188, "log_id": "0f51e8bb-61c1-43df-bfcb-38d47ed039ce"}
2025-02-26 06:03:18,932 [INFO] [VFSBookingBot] [logger.py:238] - Initializing VFS Booking Bot {"hostname": "AUSTINE-THRONE", "process_id": 6604, "thread_id": 11188, "log_id": "8aa7459a-8165-47b9-8a36-55055c8fcba8"}
2025-02-26 06:03:18,932 [INFO] [VFSBookingBot] [logger.py:238] - Initializing VFS Booking Bot {"hostname": "AUSTINE-THRONE", "process_id": 6604, "thread_id": 11188, "log_id": "8aa7459a-8165-47b9-8a36-55055c8fcba8"}
2025-02-26 06:10:38,153 [INFO] [VFSBookingBot] [logger.py:238] - Initializing VFS Booking Bot {"hostname": "AUSTINE-THRONE", "process_id": 4364, "thread_id": 12888, "log_id": "7d6ad283-bbb2-48e9-b48c-5ceb6f644f22"}
2025-02-26 06:10:38,153 [INFO] [VFSBookingBot] [logger.py:238] - Initializing VFS Booking Bot {"hostname": "AUSTINE-THRONE", "process_id": 4364, "thread_id": 12888, "log_id": "d7650ba4-abb4-478e-8580-067081a61390"}
2025-02-26 06:10:38,153 [INFO] [VFSBookingBot] [logger.py:238] - Initializing VFS Booking Bot {"hostname": "AUSTINE-THRONE", "process_id": 4364, "thread_id": 12888, "log_id": "d7650ba4-abb4-478e-8580-067081a61390"}
2025-02-26 06:16:57,692 [INFO] [VFSBookingBot] [logger.py:238] - Initializing VFS Booking Bot {"hostname": "AUSTINE-THRONE", "process_id": 12636, "thread_id": 18584, "log_id": "42c214fd-201f-4ec5-8b13-2b1d02372fd4"}
2025-02-26 06:16:57,692 [INFO] [VFSBookingBot] [logger.py:238] - Initializing VFS Booking Bot {"hostname": "AUSTINE-THRONE", "process_id": 12636, "thread_id": 18584, "log_id": "2d2eafb8-62a3-43f8-888c-fb69ed1fe2b8"}
2025-02-26 06:16:57,692 [INFO] [VFSBookingBot] [logger.py:238] - Initializing VFS Booking Bot {"hostname": "AUSTINE-THRONE", "process_id": 12636, "thread_id": 18584, "log_id": "2d2eafb8-62a3-43f8-888c-fb69ed1fe2b8"}
2025-02-26 06:20:06,279 [INFO] [VFSBookingBot] [logger.py:238] - Initializing VFS Booking Bot {"hostname": "AUSTINE-THRONE", "process_id": 6016, "thread_id": 14744, "log_id": "131b348a-9e7e-4b73-a9fb-61754b218afc"}
2025-02-26 06:20:06,279 [INFO] [VFSBookingBot] [logger.py:238] - Initializing VFS Booking Bot {"hostname": "AUSTINE-THRONE", "process_id": 6016, "thread_id": 14744, "log_id": "4e4231a9-590d-408d-9b78-4dd441061d09"}
2025-02-26 06:20:06,279 [INFO] [VFSBookingBot] [logger.py:238] - Initializing VFS Booking Bot {"hostname": "AUSTINE-THRONE", "process_id": 6016, "thread_id": 14744, "log_id": "4e4231a9-590d-408d-9b78-4dd441061d09"}
2025-02-26 06:20:43,079 [INFO] [VFSBookingBot] [logger.py:238] - Initializing VFS Booking Bot {"hostname": "AUSTINE-THRONE", "process_id": 8824, "thread_id": 8612, "log_id": "cb5dcf63-2812-4fd7-b873-f1fd22088065"}
2025-02-26 06:20:43,079 [INFO] [VFSBookingBot] [logger.py:238] - Initializing VFS Booking Bot {"hostname": "AUSTINE-THRONE", "process_id": 8824, "thread_id": 8612, "log_id": "3e317bad-310d-489c-9f41-0d580dd626a1"}
2025-02-26 06:20:43,079 [INFO] [VFSBookingBot] [logger.py:238] - Initializing VFS Booking Bot {"hostname": "AUSTINE-THRONE", "process_id": 8824, "thread_id": 8612, "log_id": "3e317bad-310d-489c-9f41-0d580dd626a1"}
2025-02-26 06:22:58,996 [INFO] [VFSBookingBot] [logger.py:238] - Initializing VFS Booking Bot {"hostname": "AUSTINE-THRONE", "process_id": 7532, "thread_id": 17360, "log_id": "2429721b-99fe-45e6-9ead-827b89d6a28c"}
2025-02-26 06:22:59,011 [INFO] [VFSBookingBot] [logger.py:238] - Initializing VFS Booking Bot {"hostname": "AUSTINE-THRONE", "process_id": 7532, "thread_id": 17360, "log_id": "c4167e0e-96e1-44a8-a86f-6b152b7d70ed"}
2025-02-26 06:22:59,011 [INFO] [VFSBookingBot] [logger.py:238] - Initializing VFS Booking Bot {"hostname": "AUSTINE-THRONE", "process_id": 7532, "thread_id": 17360, "log_id": "c4167e0e-96e1-44a8-a86f-6b152b7d70ed"}
2025-02-26 06:24:56,501 [INFO] [VFSBookingBot] [logger.py:238] - Initializing VFS Booking Bot {"hostname": "AUSTINE-THRONE", "process_id": 16268, "thread_id": 8340, "log_id": "d4097309-9000-41e3-aaa3-256cfd31de87"}
2025-02-26 06:24:56,517 [INFO] [VFSBookingBot] [logger.py:238] - Initializing VFS Booking Bot {"hostname": "AUSTINE-THRONE", "process_id": 16268, "thread_id": 8340, "log_id": "f5493eb0-8d56-4193-a216-745a9186a1b6"}
2025-02-26 06:24:56,517 [INFO] [VFSBookingBot] [logger.py:238] - Initializing VFS Booking Bot {"hostname": "AUSTINE-THRONE", "process_id": 16268, "thread_id": 8340, "log_id": "f5493eb0-8d56-4193-a216-745a9186a1b6"}
2025-02-26 06:30:22,939 [INFO] [VFSBookingBot] [logger.py:238] - Initializing VFS Booking Bot {"hostname": "AUSTINE-THRONE", "process_id": 18780, "thread_id": 19016, "log_id": "c27b7710-5c72-4f08-bab6-806bd5f864f5"}
2025-02-26 06:30:22,939 [INFO] [VFSBookingBot] [logger.py:238] - Initializing VFS Booking Bot {"hostname": "AUSTINE-THRONE", "process_id": 18780, "thread_id": 19016, "log_id": "9d972b90-3abf-4a5d-a251-75e2936417bb"}
2025-02-26 06:30:22,939 [INFO] [VFSBookingBot] [logger.py:238] - Initializing VFS Booking Bot {"hostname": "AUSTINE-THRONE", "process_id": 18780, "thread_id": 19016, "log_id": "9d972b90-3abf-4a5d-a251-75e2936417bb"}
2025-02-26 06:32:08,922 [INFO] [VFSBookingBot] [logger.py:238] - Initializing VFS Booking Bot {"hostname": "AUSTINE-THRONE", "process_id": 20512, "thread_id": 19936, "log_id": "5d9aab13-70a5-40d8-86fa-310f4f8e47d6"}
2025-02-26 06:32:08,922 [INFO] [VFSBookingBot] [logger.py:238] - Initializing VFS Booking Bot {"hostname": "AUSTINE-THRONE", "process_id": 20512, "thread_id": 19936, "log_id": "143af1ed-c332-4747-8377-63a7361a90a0"}
2025-02-26 06:32:08,922 [INFO] [VFSBookingBot] [logger.py:238] - Initializing VFS Booking Bot {"hostname": "AUSTINE-THRONE", "process_id": 20512, "thread_id": 19936, "log_id": "143af1ed-c332-4747-8377-63a7361a90a0"}
